scripping page------------------------------------- 1
1
আইডিয়াল কম্পিউটার্স
Bagher Bazar
waited for parent------------
True
checking visibility..........
ele->>>> ফোন নম্বর: 01715-500697
2
নিউ টেক কম্পিউটার্স
মাওনা ইউনিয়ন
waited for parent------------
True
checking visibility..........
ele->>>> ফোন নম্বর: 01715-253299
3
KASHBD
1st floor Farazi super market, Sreepur Road, Mawna Chowrasta
waited for parent------------
True
checking visibility..........
ele->>>> ফোন নম্বর: 01718-440178
4
ওয়ালটন প্লাজা, বাঘের বাজার, গাজীপুর
Bhabanipur Union
waited for parent------------
True
checking visibility..........
ele->>>> ফোন নম্বর: 01608-988072
5
এন.এস.কম্পিউটার
মাওনা ইউনিয়ন
waited for parent------------
True
checking visibility..........
ele->>>> ফোন নম্বর: 01811-929126
6
বিসমিল্লাহ কম্পিউটার্স
Kitab Ali Plaza, 3rd Floor Mawna Chowrasta
waited for parent------------
True
checking visibility..........
ele->>>> ফোন নম্বর: 01728-270953
7
গাজীপুর ল্যাপটপ কর্নার
গাজীপুর
waited for parent------------
True
checking visibility..........
ele->>>> ফোন নম্বর: 01710-110688
8
অ্যাল-মদীনা কম্পিউটার&ল্যাপটপ
6CC7+64 Mawna chowrasta, Kitab Alli Plaza, 3rdFlor Gazipur, Mawna chowrasta, Kitab Alli Plaza, 3rdFlor
waited for parent------------
True
checking visibility..........
ele->>>> ফোন নম্বর: 01911-179837
9
আল আরব ল্যাপটপ কর্ণার গাজীপুর
ভীম বাজার, মির্জাপুর মাষ্টার বাড়ী, ২১নং ওয়ার্ড গাজীপুর সিটি কর্পোরেশন গাজীপুর Bim Bazar, Mirzapur Master bari, 21 No Word Gazipur city corporation
waited for parent------------
True
checking visibility..........
ele->>>> ফোন নম্বর: 01741-500287
10
Hamzah IT Zone - হামজা আইটি জোন
গাজীপুর
waited for parent------------
True
checking visibility..........
ele->>>> ফোন নম্বর: 01644-422185
11
অমু মার্কেট অনলাইন বাজার
29XM+MR5
waited for parent------------
True
checking visibility..........
ele->>>> ফোন নম্বর: 01781-632999
12
ডিজিটাল কম্পিউটার্স
Haji Yaqub Ali Super Market-1, Market Mauna Chowrasta
waited for parent------------
True
checking visibility..........
ele->>>> ফোন নম্বর: 01715-363919
13
মহসিন ইলেকট্রনিক্স
Aklima Plaza, Masjid Rd
waited for parent------------
True
checking visibility..........
ele->>>> ফোন নম্বর: 01725-592240
14
বেঙ্গল কম্পিউটার
Shop-03, 04, 17, 18, 19, 4th Floor, Rahman Shopping Mall, Joydebpur Road, Chowrasta - Joydebpur Rd
waited for parent------------
True
checking visibility..........
ele->>>> ফোন নম্বর: 01818-981971
15
স্টার টেক - গাজীপুর শাখা
